[INFO] Scanning for projects...
[INFO] 
[INFO] --------< org.smartinez.junitapp.ejemplo:section37_junit5_app >---------
[INFO] Building section37_junit5_app 1.0-SNAPSHOT
[INFO] --------------------------------[ jar ]---------------------------------
[INFO] 
[INFO] --- maven-clean-plugin:2.5:clean (default-clean) @ section37_junit5_app ---
[INFO] Deleting C:\Users\sebmartinez\IdeaProjects\section37_junit5_app\target
[INFO] 
[INFO] --- maven-resources-plugin:2.6:resources (default-resources) @ section37_junit5_app ---
[WARNING] Using platform encoding (Cp1252 actually) to copy filtered resources, i.e. build is platform dependent!
[INFO] Copying 2 resources
[INFO] 
[INFO] --- maven-compiler-plugin:3.1:compile (default-compile) @ section37_junit5_app ---
[INFO] Changes detected - recompiling the module!
[WARNING] File encoding has not been set, using platform encoding Cp1252, i.e. build is platform dependent!
[INFO] Compiling 3 source files to C:\Users\sebmartinez\IdeaProjects\section37_junit5_app\target\classes
[INFO] ------------------------------------------------------------------------
[INFO] BUILD FAILURE
[INFO] ------------------------------------------------------------------------
[INFO] Total time:  0.369 s
[INFO] Finished at: 2022-11-02T14:05:51-03:00
[INFO] ------------------------------------------------------------------------
[ERROR] Failed to execute goal org.apache.maven.plugins:maven-compiler-plugin:3.1:compile (default-compile) on project section37_junit5_app: Fatal error compiling: invalid target release: 18 -> [Help 1]
[ERROR] 
[ERROR] To see the full stack trace of the errors, re-run Maven with the -e switch.
[ERROR] Re-run Maven using the -X switch to enable full debug logging.
[ERROR] 
[ERROR] For more information about the errors and possible solutions, please read the following articles:
[ERROR] [Help 1] http://cwiki.apache.org/confluence/display/MAVEN/MojoExecutionException
